<?xml version="1.0" encoding="UTF-8"?>
<!-- Generated by org.testng.reporters.JUnitReportReporter -->
<testsuite hostname="Envision" failures="0" tests="1" name="com.hrms.Testscripts.Tc001" time="8.506" errors="0" timestamp="6 Mar 2024 07:34:53 GMT">
  <testcase classname="com.hrms.Testscripts.Tc001" name="tc001" time="8.506"/>
</testsuite> <!-- com.hrms.Testscripts.Tc001 -->
