<?xml version="1.0" encoding="UTF-8"?>
<!-- Generated by org.testng.reporters.JUnitReportReporter -->
<testsuite hostname="Envision" failures="0" tests="1" name="com.hrms.Testscripts.Tc002" time="9.064" errors="0" timestamp="6 Mar 2024 07:34:53 GMT">
  <testcase classname="com.hrms.Testscripts.Tc002" name="tc002" time="9.064"/>
</testsuite> <!-- com.hrms.Testscripts.Tc002 -->
